[    00000 Itialin cgroup subsys cpuset
[   0000000 Inialing grp suyspu
[    0.000000] Initializing cgroup subsys cpuacct
[    0.000000] Linux version 4.4.0-79-generic (buildd@lcy01-30) (gcc version 5.4.0 20160609 (Ubuntu 5.4.0-6ubuntu1~16.04.4) ) #100-Ubuntu SMP Wed May 17 19:58:14 UTC 2017 (Ubuntu .4-79.00enric 4.4.6)[   0.0000] Coan lin BOOT_IMGEbot/vliz-4.0--genic rt=BEL=cloudimg-oos roonle=t1 nsolttS0
[    0.000] KRN supprt cpu:
[    0.000000]   Intel GenuineIntel
[    0.000000]   AMD AuthenticAMD
[    0.000000]   Centaur CentaurHauls
[    0.000000] x86/fpu: xstate_offset[2]:  576, xstate_sizes[2]:  256
[    0.000000] x86/fpu: Supporting XSAVE feature 0x01: 'x87 floating point registers
[   00000] x86/u:Supportin XVE ftu 0x0: SEregisters'[  0.0000]x8/f: uprtg XSA fatur0x4:'A regte'
[  .000000] 6/pu: Enabed xsta feaur 0x7, context size is 832 bytes, using 'standard' format.
[    0.000000] x86/fpu: Using 'lazy'FPcotextswtces
[   0.000]820 BI-pvidephsical RM ap:
[    0.000000] BIOS-e820: [mem 0x0000000000000-0x000000000009fbff] usable
[    0.000000] BIOS-e820: [emx000000000fc000x00000000ff] rervd    0.000] BS-820:me 0x00000000f000-x00000000fffff] reserv
    00000BIS-e82 [em0x00000000000-0x000003efff usae
[  .000000] BIOS-e820: me0x000000fff00-0x000000003fffffff] ACPI data
[    0.000000] BIOS-e820: [mem0x0000000c00000x0000000fec00f] eservd[   0.0000BIS-e80:mem 0x00000000fee00000-0x00000000fee00ff]eserved
[    0.000000] BIOS-e820: [mem 0000000ffc000-0x00000ffff rerved
[  0.000] N (ecuteisble) protctn: aiv
  0.0000 SBIS 5 rent
  0.0000] pervsodetected: KVM
[    0.000000] e820: last_pfn = 0x3fff0 max_arch_pfn = 0x40000000
[    0.000000] MTRR: Disabled
[    0.000000] x86PAT: MTRR dsabled, skipping PAT initialization too.[   0.0000 x/PAT:oniguraton0-7]WB WT UC-   WB W UC-   
[    .0000] CPU MTRRsallblnk - rtalized system.
[    0.000000] foud MP MPtable at [mem 0000ff0-0x000ff] maedat[ff880000fff0]
[   0.000000] Scanning 1 areas for l memorcoruptin[  0.00000] RAMDISK: [mem 0x36ad0000-0x375ff]
  0.0000 ACPI:Eay tabe ecksumerficaondisabled
[    0.0000ACPI:SD 0x0000000000 0004 v02 VBOX  )
[    0.000000] ACPI: XSDT 0x00000003FFF0030 00003C (v01 VBOX   VBOXXSDT 00000001 ASL 0000061)
[    0.000000] ACPI: FACP 0x000000003FFF00F0 0000F4 (v04 VBOX   VBOXFACP 00000001 ASL  00000061)
[    0.000000] ACPI: DSDT 0x000000003FFF0470 0021FF (v02 VBOX   VBOXBIOS 00000002 INTL 20100528)
[    0.000000] ACPI: FACS 0x000000003FFF0200 000040
[    0.000000] ACPI: FACS 0x000000003FFF0200 000040
[    0.000000] ACPI: APIC 0x000000003FFF0240 00005C (v02 VBOX   VXAPIC 00001 ASL  00000061)
[    0.000000] ACPI: SSDT 0x000003FF020 001CC(v1 VBOX   VBOXCPUT 00000002IN 20152)
[  .00000NoNUMAonigurti fou
[  0.000] king a noe at[m 0x0000000000000000-0x000000003ffeffff]
[    0.000000] NODEDA(0) loated[mm x3ff00-0x3ffffff]
[  0.00000] kvm-clock:Using mrs 46401 and 4b56400
[   0000] vm-oc: cp 0msr 3fe3001, primarcp clok[    0.00000kvm-cck usig hed fst of 3812254cyes
[    0.000000] clocsorce:kvm-lo: as: ffffffffffffaxcycles: 01c2e4db, maxid_n: 88599183 n
[    0.000000] Zone ranges:
[    0.000000]   DMA      [mem 0x0000000000001000-0x0000000000ffffff]
[    0.000000]  DMA3  [mem 0x0000000010000-00000003ffff]
[   0.0000  orma  emty
  0.000000]   Device  mpy
[  000000] Movable zone start for each node
[    0.000000] Early memory node ranges
[    0.000000]   node   0:[mm 0x0000000100-00000000009efff]
[   .00000]   node   0: [mem 0x0000000000100000-0x000000003ffeffff]
    0.00000] Initmem setup node 0 [mem 0x0000000000001000-0x000000003ffeffff]
[    0.000000] ACPI: PM-Timer IO Port: 0x4008
[    0.000000] IOAPIC[0]: apic_id 2, version 32, address 0xfec00000, GSI 0-23
[    0.000000] ACPI: INT_SRC_OVR (bus 0 bus_irq 0 global_irq 2 dfl dfl)
[    0.000000] ACPI: INT_SRC_OVR (bus 0 bus_irq 9 global_irq 9 low level)
[    0.000000] Using ACPI (MADT) for SMP configuration information
[    0.000000] smpboot: Allowing 2 CPUs, 0 hotplug CPUs
[    0.000000] PM: Registerd osave memory: [mem 0x0000000-00000ff]    0.000] P Rgistednosae mmoy: [mem 0x0009f000-0x0009ffff][   0.0000] PM: Registerednove memor [em 0000000x00efff]
[   0.000000 P Regisre nosa mmory: me0x00f00-x000fff
    .00000] 820: [mem 0x40000000-0xfebfffff] available r PCI devics[    0.000000] Booting paravirtualized kernel on KVM
[    0.0000 cloksrce: rfid-jifes: mask: 0xffffffff max_cycles: 0xffffffff, max_idle_ns:764519001568 
[    0.000000] seup_percpu: NR_CS:12 nr_umsk_bts12 ncpuids:2 nr_node_ids:1
[   000000]ERPU: beded 3 ge/cpu @ffff800c00000 984 r82 2812 108576
[    0.0000]PV qspinlock hash table entries: 256 (order: , 96 bes
[  000000] But 1 zonlis inNodeorde, bility groin on.  Totalpas: 2573
[   00000] Policy zone:DM2
[    00000] erelomman le: BT_MAGE=oo/vmlnu4.4.0-9-nericroo=LABEL=cloudimg-rootfs ro consoletty1coole=ttS0
[    0.0000 PIDash abl eries:09 (order:3,2768yts)
[    0.000000] Memory: 1001764K/1048120K available (8469K kernel code, 1294K rwdata, 3984K rodata, 1484K init, 1316K bss, 46356K reserved, 0K cma-reserved)
[    00000] SLUB: HWalign=64, Order=0-3, Minjets= CUs=2 Ndes=1
[  0.0000 Herarhil RC ilemeation.
[    0.000000] 	Bild-imadjutmnt f leaf fanout to 64.
[    0.000000] 	RCU esriti CUs fr N_CPUS=51tor_cpid=2.[   .000] CUAdusti gomet fr rcfaout_ea64 nr_u_ds=
[  0.0000 NRRQ33024 _iqs:440 16
  0.00000]onol: colour VGA+ 80x25
[    0.00000] console [tty1 enabld[    00000] onle [yS] enabled
  0.000000] tsc: Detected 2592.002 MHz processor
[   17.099494] Calibrating delay loop (skipped) preset value.. 5184.00 BogoMIPS (lpj=10368008)
[   17.159187] pid_max: default: 32768 minimum: 301
[   17.247774] ACPI: Core revision 20150930
[   17.331980] ACPI: 2 ACPI AML tables successfully acquired and loaded
[   17.376398] Security Framework initialized
[   17.457761] Yama: becoming mindful.
[   17.501844] AppArmor: AppArmor initialized
[   17.609164] Dentry cache hash table entries: 131072 (order: 8, 1048576 bytes)
[   17.610428] Inode-cache hash table entries: 65536 (order: 7, 524288 bytes)
[   17.612831] Mount-cache hash table entries: 2048 (order: 2, 16384 bytes)
[   17.653628] Mountpoint-cache hash table entries: 2048 (order: 2, 16384 bytes)
[   17.812009] Initializing cgroup subsys io
[   17.876108] Initializing cgroup subsys memory
[   17.916802] Initializing cgroup subsys devices
[   17.963607] Initializing cgroup subsys freezer
[   17.964372] Initializing cgroup subsys net_cls
[   17.975104] Initializing cgroup subsys perf_event
[   18.031444] Initializing cgroup subsys net_prio
[   18.032299] Initializing cgroup subsys hugetlb
[   18.033185] Initializing cgroup subsys pids
[   18.040457] CPU: Physical Processor ID: 0
[   18.041196] CPU: Processor Core ID: 0
[   18.043249] mce: CPU supports 0 MCE banks
[   18.044129] Last level iTLB entries: 4KB 128, 2MB 8, 4MB 8
[   18.091779] Last level dTLB entries: 4KB 64, 2MB 0, 4MB 0, 1GB 4
[   18.094732] Freeing SMP alternatives memory: 32K (ffffffff820b8000 - ffffffff820c0000)
[   18.190467] ftrace: allocating 32127 entries in 126 pages
[   18.297217] smpboot: APIC(0) Converting physical 0 to logical package 0
[   18.328807] smpboot: Max logical packages: 1
[   18.337255] x2apic enabled
[   18.384538] Switched APIC routing to physical x2apic.
[   18.427705] ..TIMER: vector=0x30 apic1=0 pin1=2 apic2=-1 pin2=-1
[   18.635226] smpboot: CPU0: Intel(R) Core(TM) i5-6440HQ CPU @ 2.60GHz (family: 0x6, model: 0x5e, stepping: 0x3)
[   18.873002] Performance Events: unsupported p6 CPU model 94 no PMU driver, software events only.
[   18.948156] KVM setup paravirtual spinlock
[   18.949675] x86: Booting SMP configuration:
[   18.996103] .... node  #0, CPUs:      #1
[   19.076262] kvm-clock: cpu 1, msr 0:3ffe3041, secondary cpu clock
[   19.133167] mce: CPU supports 0 MCE banks
[   19.209734] x86: Booted up 1 node, 2 CPUs
[   19.216849] smpboot: Total of 2 processors activated (10368.00 BogoMIPS)
[   19.249441] devtmpfs: initialized
[   19.304080] evm: security.selinux
[   19.347298] evm: security.SMACK64
[   19.401393] evm: security.SMACK64EXEC
[   19.405289] evm: security.SMACK64TRANSMUTE
[   19.470666] evm: security.SMACK64MMAP
[   19.560359] evm: security.ima
[   19.621076] evm: security.capability
[   19.654683] clocksource: jiffies: mask: 0xffffffff max_cycles: 0xffffffff, max_idle_ns: 7645041785100000 ns
[   19.857076] futex hash table entries: 512 (order: 3, 32768 bytes)
[   19.964601] pinctrl core: initialized pinctrl subsystem
[   19.985210] RTC time: 18:42:44, date: 01/20/18
[   19.990727] NET: Registered protocol family 16
[   20.071890] cpuidle: using governor ladder
[   20.137413] cpuidle: using governor menu
[   20.227078] PCCT header not found.
[   20.296812] ACPI: bus type PCI registered
[   20.386499] acpiphp: ACPI Hot Plug PCI Controller Driver version: 0.5
[   20.532544] PCI: Using configuration type 1 for base access
[   20.597249] ACPI: Added _OSI(Module Device)
[   20.697680] ACPI: Added _OSI(Processor Device)
[   20.712850] ACPI: Added _OSI(3.0 _SCP Extensions)
[   20.728687] ACPI: Added _OSI(Processor Aggregator Device)
[   20.823676] ACPI: Executed 1 blocks of module-level executable AML code
[   20.999848] ACPI: Interpreter enabled
[   21.047299] ACPI: (supports S0 S5)
[   21.080010] ACPI: Using IOAPIC for interrupt routing
[   21.128918] PCI: Using host bridge windows from ACPI; if necessary, use "pci=nocrs" and report a bug
[   21.248401] ACPI: PCI Root Bridge [PCI0] (domain 0000 [bus 00-ff])
[   21.387347] acpi PNP0A03:00: _OSC: OS supports [ASPM ClockPM Segments MSI]
[   21.547421] acpi PNP0A03:00: _OSC: not requesting OS control; OS requires [ExtendedConfig ASPM ClockPM MSI]
[   21.782799] acpi PNP0A03:00: fail to add MMCONFIG information, can't access extended PCI configuration space under this bridge.
[   21.892519] PCI host bridge to bus 0000:00
[   21.893249] pci_bus 0000:00: root bus resource [io  0x0000-0x0cf7 window]
[   21.894401] pci_bus 0000:00: root bus resource [io  0x0d00-0xffff window]
[   21.947018] pci_bus 0000:00: root bus resource [mem 0x000a0000-0x000bffff window]
[   22.059702] pci_bus 0000:00: root bus resource [mem 0x40000000-0xfdffffff window]
[   22.191181] pci_bus 0000:00: root bus resource [bus 00-ff]
[   22.249122] pci 0000:00:01.1: legacy IDE quirk: reg 0x10: [io  0x01f0-0x01f7]
[   22.372593] pci 0000:00:01.1: legacy IDE quirk: reg 0x14: [io  0x03f6]
[   22.425574] pci 0000:00:01.1: legacy IDE quirk: reg 0x18: [io  0x0170-0x0177]
[   22.430609] pci 0000:00:01.1: legacy IDE quirk: reg 0x1c: [io  0x0376]
[   22.466001] pci 0000:00:07.0: quirk: [io  0x4000-0x403f] claimed by PIIX4 ACPI
[   22.511119] pci 0000:00:07.0: quirk: [io  0x4100-0x410f] claimed by PIIX4 SMB
[   22.536873] ACPI: PCI Interrupt Link [LNKA] (IRQs 5 9 10 *11)
[   22.594144] ACPI: PCI Interrupt Link [LNKB] (IRQs 5 9 *10 11)
[   22.607695] ACPI: PCI Interrupt Link [LNKC] (IRQs 5 *9 10 11)
[   22.616903] ACPI: PCI Interrupt Link [LNKD] (IRQs 5 9 10 *11)
[   22.623517] ACPI: Enabled 2 GPEs in block 00 to 07
[   22.624619] vgaarb: setting as boot device: PCI:0000:00:02.0
[   22.631817] vgaarb: device added: PCI:0000:00:02.0,decodes=io+mem,owns=io+mem,locks=none
[   22.633237] vgaarb: loaded
[   22.634287] vgaarb: bridge control possible 0000:00:02.0
[   22.653182] SCSI subsystem initialized
[   22.664893] ACPI: bus type USB registered
[   22.669354] usbcore: registered new interface driver usbfs
[   22.677827] usbcore: registered new interface driver hub
[   22.717044] usbcore: registered new device driver usb
[   22.737129] PCI: Using ACPI for IRQ routing
[   22.751527] NetLabel: Initializing
[   22.752217] NetLabel:  domain hash size = 128
[   22.755637] NetLabel:  protocols = UNLABELED CIPSOv4
[   22.756862] NetLabel:  unlabeled traffic allowed by default
[   22.757969] amd_nb: Cannot enumerate AMD northbridges
[   22.764938] clocksource: Switched to clocksource kvm-clock
[   22.828599] AppArmor: AppArmor Filesystem Enabled[ 22603]pn P APIni
[   23.277742] pnp: PnP ACPI: found 3 devices

[ 23885]locksource: acpi_pm: mask 0ffffff max_cyces0xff, axidle_ns:205702 n
[  23786]NE Risre protocol family 2

[   24326906] TCP established ash ab entrie: 8192 (order: 4, 65536 bytes)

[   24.494451] TCP bind hash table entries: 8192 (order: 5, 131072 bytes)
[   24.497063] TCP: Hash tables configured (established 8192 bind 8192)[  24.524531] UDP hash table entries: 512 (order: 2, 16384 bytes)
[   24.577288] UDP-Lite hash table entries: 512 (order: 2, 16384 bytes)
[   24.578442] NET: Registered protocol family 1
[   24.579217] pci 0000:00:00.0: Limiting direct PCI/PCI transfers
[   24.580252] pci 0000:00:01.0: Activating ISA DMA hang wrkous   247310] pakig itmf..
[   27.094903] Freeing initrd memory: 10816K (ffff880036ad0000 - ffff880037560000)
[   2138717] platform rtc_cosregistreplfo R dvice ( PNP deicfod)
[ 27931]cainfolomeryorptn er60ecds
[  28.7302 t: efed TSC clocksource calbrio 22.2 MHz

[   29.305178] clocksource: tsc: mask: 0xffffffffffffffff max_cycles: 0x255073dmaid_n 4794646 n
ÿ[   29.356] di initializing ntlk bsys (disale
[   29.305650] audit: type=2000 audit(1516473755.960:1): initialized
[   29.305963] Initialise system trusted keyring
[   29.306041] HugeTLB registered 2 MB page size, pre-allocated 0 pages
[   29.307373] zbud: loaded
[   29.307520] VFS: Disk quotas dquot_6.6.0
[   29.307567] VFS: Dquot-cache hash table entries: 512 (order 0, 4096 bytes)
[   29.307797] squashfs: version 4.0 (2009/01/31) Phillip Lougher
[   29.308027] fuse init (API version 7.23)
[   29.308119] Key type big_key registered
[   29.308129] Allocating IMA MOK and blacklist keyrings.
[   29.308266] Key type asymmetric registered
[   29.308268] Asymmetric key parser 'x509' registered
[   29.308294] Block layer SCSI generic (bsg) driver version 0.4 loaded (major 249)
[   29.308308] io scheduler noop registered
[   29.308310] io scheduler deadline registered (default)
[   29.308332] io scheduler cfq registered
[   29.308407] pci_hotplug: PCI Hot Plug PCI Core version: 0.5
[   29.308412] pciehp: PCI Express Hot Plug Controller Driver version: 0.4
[   29.308530] ACPI: AC Adapter [AC] (on-line)
[   29.308569] input: Power Button as /devices/LNXSYSTM:00/LNXPWRBN:00/input/input0
[   29.308572] ACPI: Power Button [PWRF]
[   29.308628] input: Sleep Button as /devices/LNXSYSTM:00/LNXSLPBN:00/input/input1
[   29.308629] ACPI: Sleep Button [SLPF]
[   29.308743] GHES: HEST is not enabled!
[   29.309350] ACPI: Battery Slot [BAT0] (battery present)
[   29.309377] Serial: 8250/16550 driver, 32 ports, IRQ sharing enabled
[   29.844458] 00:02: ttyS0 at I/O 0x3f8 (irq = 4, base_baud = 115200) is a 16550A
[   30.272965] Linux agpgart interface v0.103
[   30.328992] loop: module loaded
[   30.329704] scsi host0: ata_piix
[   30.329773] scsi host1: ata_piix
[   30.329801] ata1: PATA max UDMA/33 cmd 0x1f0 ctl 0x3f6 bmdma 0xd000 irq 14
[   30.329802] ata2: PATA max UDMA/33 cmd 0x170 ctl 0x376 bmdma 0xd008 irq 15
[   30.329871] libphy: Fixed MDIO Bus: probed
[   30.329873] tun: Universal TUN/TAP device driver, 1.6
[   30.329873] tun: (C) 1999-2004 Max Krasnyansky <maxk@qualcomm.com>
[   30.330244] PPP generic driver version 2.4.2
[   30.330328] ehci_hcd: USB 2.0 'Enhanced' Host Controller (EHCI) Driver
[   30.330332] ehci-pci: EHCI PCI platform driver
[   30.330340] ehci-platform: EHCI generic platform driver
[   30.330348] ohci_hcd: USB 1.1 'Open' Host Controller (OHCI) Driver
[   30.330353] ohci-pci: OHCI PCI platform driver
[   30.330361] ohci-platform: OHCI generic platform driver
[   30.330369] uhci_hcd: USB Universal Host Controller Interface driver
[   30.330424] i8042: PNP: PS/2 Controller [PNP0303:PS2K,PNP0f03:PS2M] at 0x60,0x64 irq 1,12
[   30.412667] serio: i8042 KBD port at 0x60,0x64 irq 1
[   30.412672] serio: i8042 AUX port at 0x60,0x64 irq 12
[   30.412778] mousedev: PS/2 mouse device common for all mice
[   30.413233] rtc_cmos rtc_cmos: rtc core: registered rtc_cmos as rtc0
[   30.413294] rtc_cmos rtc_cmos: alarms up to one day, 114 bytes nvram
[   30.413301] i2c /dev entries driver
[   30.413346] device-mapper: uevent: version 1.0.3
[   30.413437] device-mapper: ioctl: 4.34.0-ioctl (2015-10-28) initialised: dm-devel@redhat.com
[   30.413457] ledtrig-cpu: registered to indicate activity on CPUs
[   30.413711] NET: Registered protocol family 10
[   30.413821] NET: Registered protocol family 17
[   30.413830] Key type dns_resolver registered
[   30.459409] microcode: CPU0 sig=0x506e3, pf=0x2, revision=0x0
[   30.459461] microcode: CPU1 sig=0x506e3, pf=0x2, revision=0x0
[   30.459543] microcode: Microcode Update Driver: v2.01 <tigran@aivazian.fsnet.co.uk>, Peter Oruba
[   30.459673] registered taskstats version 1
[   30.459701] Loading compiled-in X.509 certificates
[   30.460395] Loaded X.509 cert 'Build time autogenerated kernel key: 761c03361fb5ffec61c19dca354b3d4126495503'
[   30.460429] zswap: loaded using pool lzo/zbud
[   30.461851] Key type trusted registered
[   30.464140] Key type encrypted registered
[   30.464143] AppArmor: AppArmor sha1 policy hashing enabled
[   30.464145] ima: No TPM chip found, activating TPM-bypass!
[   30.464160] evm: HMAC attrs: 0x1
[   30.464470]   Magic number: 2:67:747
[   30.485836] rtc_cmos rtc_cmos: setting system clock to 2018-01-20 18:42:54 UTC (1516473774)
[   30.485972] input: AT Translated Set 2 keyboard as /devices/platform/i8042/serio0/input/input2
[   30.486142] BIOS EDD facility v0.16 2004-Jun-25, 0 devices found
[   30.486142] EDD information not available.
[   32.622901] Freeing unused kernel memory: 1484K (ffffffff81f45000 - ffffffff820b8000)
[   32.630169] Write protecting the kernel read-only data: 14336k
[   32.631704] Freeing unused kernel memory: 1760K (ffff880001848000 - ffff880001a00000)
[   32.633786] Freeing unused kernel memory: 112K (ffff880001de4000 - ffff880001e00000)
Loading, please [   32.769231] random: systemd-udevd: uninitialized urandom read (16 bytes read, 5 bits of entropy available)
wait...
startin[   32.769840] random: udevadm: uninitialized urandom read (16 bytes read, 5 bits of entropy available)
g version 229
[   32.769880] random: udevadm: uninitialized urandom read (16 bytes read, 5 bits of entropy available)
[   32.769976] random: udevadm: uninitialized urandom read (16 bytes read, 5 bits of entropy available)
[   32.770028] random: udevadm: uninitialized urandom read (16 bytes read, 5 bits of entropy available)
[   32.770061] random: udevadm: uninitialized urandom read (16 bytes read, 5 bits of entropy available)
[   32.770112] random: udevadm: uninitialized urandom read (16 bytes read, 5 bits of entropy available)
[   32.770371] random: udevadm: uninitialized urandom read (16 bytes read, 5 bits of entropy available)
[   32.770437] random: udevadm: uninitialized urandom read (16 bytes read, 5 bits of entropy available)
[   32.770465] random: udevadm: uninitialized urandom read (16 bytes read, 5 bits of entropy available)
[   33.207320] e1000: Intel(R) PRO/1000 Network Driver - version 7.3.21-k8-NAPI
[   33.226593] e1000: Copyright (c) 1999-2006 Intel Corporation.
[   33.231204] Fusion MPT base driver 3.04.20
[   33.273120] Copyright (c) 1999-2008 LSI Corporation
[   33.302849] Fusion MPT SPI Host driver 3.04.20
[   33.315526] AVX2 version of gcm_enc/dec engaged.
[   33.317757] AES CTR mode by8 optimization enabled
[   33.493598] input: ImExPS/2 Generic Explorer Mouse as /devices/platform/i8042/serio1/input/input4
[   33.666546] e1000 0000:00:03.0 eth0: (PCI:33MHz:32-bit) 02:c6:92:c1:9f:2a
[   34.372984] e1000 0000:00:03.0 eth0: Intel(R) PRO/1000 Network Connection
[   34.387953] mptbase: ioc0: Initiating bringup
[   34.633505] ioc0: LSI53C1030 A0: Capabilities={Initiator}
[   35.726890] scsi host2: ioc0: LSI53C1030 A0, FwRev=00000000h, Ports=1, MaxQ=256, IRQ=20
[   36.254056] scsi 2:0:0:0: Direct-Access     VBOX     HARDDISK         1.0  PQ: 0 ANSI: 5
[   36.340699] floppy0: no floppy controllers found
[   36.372691] scsi target2:0:0: Beginning Domain Validation
[   36.397882] scsi target2:0:0: Domain Validation skipping write tests
[   36.411253] scsi target2:0:0: Ending Domain Validation
[   36.412233] scsi target2:0:0: asynchronous
[   36.417286] scsi 2:0:1:0: Direct-Access     VBOX     HARDDISK         1.0  PQ: 0 ANSI: 5
[   36.470136] scsi target2:0:1: Beginning Domain Validation
[   36.480258] scsi target2:0:1: Domain Validation skipping write tests
[   36.495292] scsi target2:0:1: Ending Domain Validation
[   36.496337] scsi target2:0:1: asynchronous
[   36.521012] sd 2:0:0:0: Attached scsi generic sg0 type 0
[   36.527342] sd 2:0:0:0: [sda] 20971520 512-byte logical blocks: (10.7 GB/10.0 GiB)
[   36.530228] sd 2:0:0:0: [sda] Write Protect is off
[   36.531269] sd 2:0:0:0: [sda] Incomplete mode parameter data
[   36.532338] sd 2:0:0:0: [sda] Assuming drive cache: write through
[   36.542498] sd 2:0:1:0: [sdb] 20480 512-byte logical blocks: (10.5 MB/10.0 MiB)
[   36.544056] sd 2:0:1:0: Attached scsi generic sg1 type 0
[   36.555876] sd 2:0:1:0: [sdb] Write Protect is off
[   36.562521] sd 2:0:1:0: [sdb] Incomplete mode parameter data
[   36.564608] sd 2:0:1:0: [sdb] Assuming drive cache: write through
[   36.577554]  sda: sda1
[   36.590159] sd 2:0:0:0: [sda] Attached SCSI disk
[   36.592506] sd 2:0:1:0: [sdb] Attached SCSI disk
[   36.645748] e1000 0000:00:08.0 eth1: (PCI:33MHz:32-bit) 08:00:27:7d:93:7f
[   36.768074] e1000 0000:00:08.0 eth1: Intel(R) PRO/1000 Network Connection
[   36.794706] e1000 0000:00:08.0 enp0s8: renamed from eth1
[   36.845950] e1000 0000:00:03.0 enp0s3: renamed from eth0
Begin: Loading e[   38.301012] md: linear personality registered for level -1
ssential drivers[   38.347674] md: multipath personality registered for level -4
 ... [   38.471828] md: raid0 personality registered for level 0
[   38.588986] md: raid1 personality registered for level 1
[   38.692947] raid6: sse2x1   gen()  8338 MB/s
[   38.769116] raid6: sse2x1   xor()  6754 MB/s
[   38.865350] raid6: sse2x2   gen() 10279 MB/s
[   38.945060] raid6: sse2x2   xor()  7332 MB/s
[   39.021314] raid6: sse2x4   gen() 11601 MB/s
[   39.101090] raid6: sse2x4   xor()  8241 MB/s
[   39.177247] raid6: avx2x1   gen() 17224 MB/s
[   39.256963] raid6: avx2x2   gen() 21060 MB/s
[   39.421445] raid6: avx2x4   gen() 21261 MB/s
[   39.515084] raid6: using algorithm avx2x4 gen() 21261 MB/s
[   39.543324] raid6: using avx2x2 recovery algorithm
[   39.545654] xor: automatically using best checksumming function:
[   39.640991]    avx       : 18457.000 MB/sec
[   39.659236] async_tx: api initialized (async)
[   39.683990] md: raid6 personality registered for level 6
[   39.703783] md: raid5 personality registered for level 5
[   39.750711] md: raid4 personality registered for level 4
[   39.757884] md: raid10 personality registered for level 10
done.
Begin: Running /scripts/init-premount ... done.
Begin: Mounting root file system ... Begin: Running /scripts/local-top ... done.
Begin: Running /scripts/local-premount ... [   39.810097] Btrfs loaded
Scanning for Btrfs filesystems
done.
Warning: fsck no[   39.858383] EXT4-fs (sda1): INFO: recovery required on readonly filesystem
t present, so sk[   40.023633] EXT4-fs (sda1): write access will be enabled during recovery
ipping root file system
[   40.102444] EXT4-fs (sda1): recovery complete
[   40.196926] EXT4-fs (sda1): mounted filesystem with ordered data mode. Opts: (null)
done.
Begin: Running /scripts/local-bottom ... done.
Begin: Running /scripts/init-bottom ... done.
[   40.381349] systemd[1]: systemd 229 running in system mode. (+PAM +AUDIT +SELINUX +IMA +APPARMOR +SMACK +SYSVINIT +UTMP +LIBCRYPTSETUP +GCRYPT +GNUTLS +ACL +XZ -LZ4 +SECCOMP +BLKID +ELFUTILS +KMOD -IDN)
[   40.591175] systemd[1]: Detected virtualization oracle.
[   40.592034] systemd[1]: Detected architecture x86-64.

Welcome to [1mUbuntu 16.04.2 LTS[0m!

[   407615] sysem[1 S htne  <s>

[ 417639] anm:onblocngool is initialized
[ 416569] ysmd]:etp tomountArbtry ecab Fe ormatsile System Automount Point.

[[0;32m  OK  [0m] Set up automount Arbitrary Executab...ats File System Automount Point.
[  42.7373] systemd[1]: Listening on Journal Sock (ev/l).
[[0;32m  OK  [0m] Listening on Journal Socket (/dev/log).
[ 43979]ysmd1]: Listing o Dice-maervent daeonIF. [[0;32m  OK  [0m] Listening on Device-mapper event daemon FIFOs.
[   44.793106] systemd[1]: Listening on Journal Audit Socket.
[[0;32m  OK  [0m] Listening on Journal Audit Socket.
[   44.795146] systemd[1]: Reached target User and Group Name Lookups.
[[0;32m  OK  [0m] Reached target User and Group Name Lookups.
[   45.008923] syte[1]: Sard Trigger resolvconf update for networkd DNS.

[[0;32m  OK  [0m] Started Trigger resolvconf update for networkd DNS.
[  4232697] systemd[1]: Reached target Swap.
[[0;32m  OK  [0m] Reached target Swap.
[ 45672550] syte[1: Listening on LVM2 poll daemon socket.
[[0;32m  OK  [0m] Listening on LVM2 poll daemon socket.
[ 468540] std[]: ListeinonLVM2meda dmosoet

[[0;32m  OK  [0m] Listening on LVM2 metadata daemon socket.
[ 470110]syem1]: Ceatedli Sstem Sic
[[0;32m  OK  [0m] Created slice System Slice.
[ 47701]ysmd]:isni o uevCoroSoke.
[[0;32m  OK  [0m] Listening on udev Control Socket.
[   48.811428] systemd[1]: Listening on Journal Socket.
[[0;32m  OK  [0m] Listening on Journal Socket.
[   48.837204] systemd[1]: Starting Uncomplicated firewall...
         Starting Uncomplicated firewall...
[   48.861447] systemd[1]: Starting Create list of required static device nodes for the current kernel...
         Starting Create list of required st... nodes for the current kernel...
[   48.965485] systemd[1]: Starting Load Kernel Modules...
         Starting Load Ke[   49.011234] Loading iSCSI transport class v2.0-870.
rnel Modules...
[   49.116849] systemd[1]: Starting Monitoring of LVM2 mirrors, snapshots etc. using dmeventd or progress polling...
         Starting Monitor[   49.217492] iscsi: registered transport (tcp)
ing of LVM2 mirrors... dmeventd or progress polling...
[   49.253451] systemd[1]: Starting Set console keymap...
         Starting Set con[   49.316712] iscsi: registered transport (iser)
sole keymap...
[   49.381203] systemd[1]: Starting Nameserver information manager...
         Starting Nameserver information manager...
[   49.425136] systemd[1]: Mounting Debug File System...
         Mounting Debug File System...
[   49.493562] systemd[1]: Started Forward Password Requests to Wall Directory Watch.
[[0;32m  OK  [0m] Started Forward Password Requests to Wall Directory Watch.
[   49.513195] systemd[1]: Listening on /dev/initctl Compatibility Named Pipe.
[[0;32m  OK  [0m] Listening on /dev/initctl Compatibility Named Pipe.
[   49.587389] systemd[1]: Created slice User and Session Slice.
[[0;32m  OK  [0m] Created slice User and Session Slice.
[ 493728] systemd[1: stningondeKeel Ske
[[0;32m  OK  [0m] Listening on udev Kernel Socket.
[ 50.297634] systemd[1]: Reached target Encrypted Volumes.
[[0;32m  OK  [0m] Reached target Encrypted Volumes.
[   50.425100] systemd[1]: Mounting POSIX Message Queue File System...
         Mounting POSIX Message Queue File System...
[   0.56108syemd[1]: Created slice system-serial\x2dgettysle.
[[0;32m  OK  [0m] Created slice system-serial\x2dgetty.slice.
[   51.005048] systemd[1]: Mounting Huge Pages File System...
         Mounting Huge Pages File System...
[   51.076286] systemd[1]: Reached target Slices.
[[0;32m  OK  [0m] Reached target Slices.
[   51.185320] systemd[1]: Listening on Syslog Socket.
[[0;32m  OK  [0m] Listening on Syslog Socket.
[   51.201234] systemd[1]: Starting Journal Service...
         Starting Journal Service...
[   51.318527] systemd[1]: Starting Remount Root and Kernel File Systems...
         Starting Remount Root and Kernel File Systems...[   51.407855] EXT4-fs (sda1): re-mounted. Opts: (null)

[   51.447729] systemd[1]: Mounted Debug File System.
[[0;32m  OK  [0m] Mounted Debug File System.
[   51.513182] systemd[1]: Mounted POSIX Message Queue File System.
[[0;32m  OK  [0m] Mounted POSIX Message Queue File System.
[   51.527947] systemd[1]: Mounted Huge Pages File System.
[[0;32m  OK  [0m] Mounted Huge Pages File System.
[  51.733] sstmd[1]: Started Journal Service.
[[0;32m  OK  [0m] Started Journal Service.
[[0;32m  OK  [0m] Started Uncomplicated firewall.
[[0;32m  OK  [0m] Started Create list of required sta...ce nodes for the current kernel.
[[0;32m  OK  [0m] Started Load Kernel Modules.
[[0;32m  OK  [0m] Started Set console keymap.
[[0;32m  OK  [0m] Started Remount Root and Kernel File Systems.
[[0;32m  OK  [0m] Started Nameserver information manager.
[[0;32m  OK  [0m] Started LVM2 metadata daemon.
         Starting udev Coldplug all Devices...
         Starting Initial cloud-init job (pre-networking)...
         Starting Load/Save Random Seed...
         Mounting FUSE Control File System...
         Starting Apply Kernel Variables...
         Starting Create Static Device Nodes in /dev...
         Starting Flush Journal to Persistent Storage...
[[0;32m  OK  [0m] Mounted FUSE Control File System.
[[0;32m  OK  [0m] Started Monitoring of LVM2 mirrors,...ng dmeventd or progress polling.
[[0;32m  OK  [0m] Started Load/Save Random Seed.
[[0;32m  OK  [0m] Started Apply Kernel Variables.
[[0;32m  OK  [0m] Started Create Static Device Nodes in /dev.
[[0;32m  OK  [0m] Started udev Coldplug all Devices.
[[0;32m  OK  [0m] Started Flush Journal to Persistent Storage.
         Starting udev Kernel Device Manager...
[[0;32m  OK  [0m] Started udev Kernel Device Manager.
[[0;32m  OK  [0m] Reached target Local File Systems (Pre).
[[0;32m  OK  [0m] Reached target Local File Systems.
         Starting Create Volatile Files and Directories...
         Starting LSB: AppArmor initialization...
         Starting Tell Plymouth To Write Out Runtime Data...
         Starting Set console font and keymap...
[[0;32m  OK  [0m] Started Dispatch Password Requests to Console Directory Watch.
[[0;32m  OK  [0m] Started Create Volatile Files and Directories.
[[0;32m  OK  [0m] Started Tell Plymouth To Write Out Runtime Data.
[[0;32m  OK  [0m] Found device /dev/ttyS0.
[[0;32m  OK  [0m] Reached target System Time Synchronized.
         Starting Update UTMP about System Boot/Shutdown...
[[0;32m  OK  [0m] Started Update UTMP about System Boot/Shutdown.
[[0;32m  OK  [0m] Found device 82540EM Gigabit Ethern...r (PRO/1000 MT Desktop Adapter).
[[0;32m  OK  [0m] Found device 82540EM Gigabit Ethern...r (PRO/1000 MT Desktop Adapter).
[[0;32m  OK  [0m] Started LSB: AppArmor initialization.
[[0;32m  OK  [0m] Listening on Load/Save RF Kill Switch Status /dev/rfkill Watch.
[   31.060143] cloud-init[449]: Cloud-init v. 0.7.9 running 'init-local' at Sat, 20 Jan 2018 18:43:16 +0000. Up 30.61 seconds.
[[0;32m  OK  [0m] Started Initial cloud-init job (pre-networking).
[[0;32m  OK  [0m] Reached target Network (Pre).
[[0;32m  OK  [0m] Started ifup for enp0s8.
[[0;32m  OK  [0m] Started ifup for enp0s3.
         Starting Raise network interfaces...
[[0;32m  OK  [0m] Started Set console font and keymap.
[[0;32m  OK  [0m] Created slice system-getty.slice.
[[0;32m  OK  [0m] Started Raise network interfaces.
         Starting Initial cloud-init job (metadata service crawler)...
[[0;32m  OK  [0m] Reached target Network.
[   34.374022] cloud-init[1056]: Cloud-init v. 0.7.9 running 'init' at Sat, 20 Jan 2018 18:43:20 +0000. Up 34.10 seconds.
[[0;32m  OK  [0m] Started Initial cloud-init job (metadata service crawler).
[[0;32m  OK  [0m] Reached target Cloud-config availability.
[[0;32m  OK  [0m] Reached target Network is Online.
[   34.486705] cloud-init[1056]: ci-info: ++++++++++++++++++++++++++++++++++++++Net device info++++++++++++++++++++++++++++++++++++++
[   34.668444]          cloud-initStarting iSCSI initiator daemon (iscsid)...[1056]: 
ci-info: +--------+------+-----------------------------+---------------+-------+-------------------+
[   34.860477] [cloud-init[0;32m  OK  [0m[1056]: ] ci-info: | Device |  Up  |           Address           |      Mask     | Scope |     Hw-Address    |Reached target System Initialization.

[   35.036267] [cloud-init[0;32m  OK  [0m[1056]: ] ci-info: +--------+------+-----------------------------+---------------+-------+-------------------+Listening on ACPID Listen Socket.

[   35.036685] [cloud-init[0;32m  OK  [0m[1056]: ] ci-info: |   lo   | True |          127.0.0.1          |   255.0.0.0   |   .   |         .         |Started Daily Cleanup of Temporary Directories.

[   35.280567] [cloud-init[0;32m  OK  [0m[1056]: ] ci-info: |   lo   | True |           ::1/128           |       .       |  host |         .         |Started Timer to automatically refresh installed snaps.

[   35.512943]          cloud-initStarting LXD - unix socket.[1056]: 
ci-info: | enp0s3 | True |          10.0.2.15          | 255.255.255.0 |   .   | 02:c6:92:c1:9f:2a |
[   35.544624] [cloud-init[0;32m  OK  [0m[1056]: ] ci-info: | enp0s3 | True |  fe80::c6:92ff:fec1:9f2a/64 |       .       |  link | 02:c6:92:c1:9f:2a |Started Daily apt activities.

[   35.545787] [cloud-init[0;32m  OK  [0m[1056]: ] ci-info: | enp0s8 | True |        192.168.56.10        | 255.255.255.0 |   .   | 08:00:27:7d:93:7f |Reached target Timers.

[   35.618132]          cloud-initStarting Socket activation for snappy daemon.[1056]: 
ci-info: | enp0s8 | True | fe80::a00:27ff:fe7d:937f/64 |       .       |  link | 08:00:27:7d:93:7f |
[   35.817959] [[0;32m  OK  [0m] Listening on UUID daemon activation socket.
[[0;32m  OK  [0m] Listening on D-Bus System Message Bus Socket.
cloud-init[1056]: ci-info: +--------+------+-----------------------------+---------------+-------+-------------------+
[   35.910911] [cloud-init[0;32m  OK  [0m[1056]: ] ci-info: ++++++++++++++++++++++++++++Route IPv4 info++++++++++++++++++++++++++++Started ACPI Events Check.

[[0;32m  OK  [0m] Reached target Paths.
[   35.911303] cloud-init[1056]: ci-info: +-------+--------------+----------+---------------+-----------+-------+
[   36.152821] [cloud-init[0;32m  OK  [0m[1056]: ] ci-info: | Route | Destination  | Gateway  |    Genmask    | Interface | Flags |Listening on LXD - unix socket.

[   36.187120] [cloud-init[0;32m  OK  [0m[1056]: ] ci-info: +-------+--------------+----------+---------------+-----------+-------+Listening on Socket activation for snappy daemon.

[[0;32m  OK  [0m] Started iSCSI initiator daemon (iscsid).
[   36.187494] cloud-init[1056]: ci-info: |   0   |   0.0.0.0    | 10.0.2.2 |    0.0.0.0    |   enp0s3  |   UG  |
[   36.431886]          cloud-initStarting Login to default iSCSI targets...[1056]: 
ci-info: |   1   |   10.0.2.0   | 0.0.0.0  | 255.255.255.0 |   enp0s3  |   U   |
[   36.620692] [cloud-init[0;32m  OK  [0m[1056]: ] ci-info: |   2   | 192.168.56.0 | 0.0.0.0  | 255.255.255.0 |   enp0s8  |   U   |Reached target Sockets.

[   36.621236] [cloud-init[0;32m  OK  [0m[1056]: ] ci-info: +-------+--------------+----------+---------------+-----------+-------+Reached target Basic System.

[[0;32m  OK  [0m] Started Snappy daemon.
         Starting Login Service...
[[0;32m  OK  [0m] Started Deferred execution scheduler.
         Starting LSB: Record successful boot for GRUB...
[[0;32m  OK  [0m] Started D-Bus System Message Bus.
         Starting System Logging Service...
[[0;32m  OK  [0m] Started FUSE filesystem for LXC.
[[0;32m  OK  [0m] Started Regular background program processing daemon.
         Starting LSB: MD monitoring daemon...
[[0;32m  OK  [0m] Started Unattended Upgrades Shutdown.
         Starting Apply the settings specified in cloud-config...
         Starting OpenBSD Secure Shell server...
[[0;32m  OK  [0m] Started ACPI event daemon.
         Starting Auto import assertions from block devices...
         Starting Accounts Service...
         Starting /etc/rc.local Compatibility...
         Starting LXD - container startup/shutdown...
[[0;32m  OK  [0m] Started System Logging Service.
[[0;32m  OK  [0m] Started OpenBSD Secure Shell server.
[[0;32m  OK  [0m] Started Auto import assertions from block devices.
[[0;32m  OK  [0m] Started /etc/rc.local Compatibility.
[[0;32m  OK  [0m] Started LSB: Record successful boot for GRUB.
[[0;32m  OK  [0m] Started LXD - container startup/shutdown.
[[0;32m  OK  [0m] Started Login to default iSCSI targets.
[[0;32m  OK  [0m] Started LSB: MD monitoring daemon.
[[0;32m  OK  [0m] Started Login Service.
[   37.565522] cloud-init[1150]: Cloud-init v. 0.7.9 running 'modules:config' at Sat, 20 Jan 2018 18:43:23 +0000. Up 37.48 seconds.
         Starting Authenticate and Authorize Users to Run Privileged Tasks...
[[0;32m  OK  [0m] Reached target Remote File Systems (Pre).
[[0;32m  OK  [0m] Reached target Remote File Systems.
         Starting Permit User Sessions...
         Starting LSB: VirtualBox Linux Additions...
         Starting LSB: automatic crash report generation...
         Starting LSB: Set the CPU Frequency Scaling governor to "ondemand"...
         Starting LSB: daemon to balance interrupts for SMP systems...
[[0;32m  OK  [0m] Started Apply the settings specified in cloud-config.
[[0;32m  OK  [0m] Started Permit User Sessions.
[[0;32m  OK  [0m] Started Authenticate and Authorize Users to Run Privileged Tasks.
[[0;32m  OK  [0m] Started Accounts Service.
         Starting Hold until boot process finishes up...
         Starting Terminate Plymouth Boot Screen...
[[0;32m  OK  [0m] Started LSB: automatic crash report generation.
[[0;32m  OK  [0m] Started LSB: VirtualBox Linux Additions.
[[0;32m  OK  [0m] Started LSB: Set the CPU Frequency Scaling governor to "ondemand".
[[0;32m  OK  [0m] Started LSB: daemon to balance interrupts for SMP systems.
[[0;32m  OK  [0m] Started Hold until boot process finishes up.
[[0;32m  OK  [0m] Started Terminate Plymouth Boot Screen.
         Starting Set console scheme...
[[0;32m  OK  [0m] Started Serial Getty on ttyS0.
[[0;32m  OK  [0m] Started Getty on tty1.
[[0;32m  OK  [0m] Reached target Login Prompts.
[[0;32m  OK  [0m] Reached target Multi-User System.
[[0;32m  OK  [0m] Reached target Graphical Interface.
         Starting Execute cloud user/final scripts...
         Starting Update UTMP about System Runlevel Changes...
[[0;32m  OK  [0m] Started Set console scheme.
[[0;32m  OK  [0m] Started Update UTMP about System Runlevel Changes.
[   38.648806] cloud-init[1285]: Cloud-init v. 0.7.9 running 'modules:final' at Sat, 20 Jan 2018 18:43:24 +0000. Up 38.55 seconds.
[   38.658407] cloud-init[1285]: Cloud-init v. 0.7.9 finished at Sat, 20 Jan 2018 18:43:24 +0000. Datasource DataSourceNoCloud [seed=/dev/sdb][dsmode=net].  Up 38.64 seconds
[[0;32m  OK  [0m] Started Execute cloud user/final scripts.
[[0;32m  OK  [0m] Reached target Cloud-init target.

Ubuntu 16.04.2 LTS acs ttyS0

acs login: 