> vagrant up                                                                              
Bringing machine 'default' up with 'virtualbox' provider...                               
==> default: Importing base box 'ubuntu/xenial64'...                                      
==> default: Matching MAC address for NAT networking...                                   
==> default: Checking if box 'ubuntu/xenial64' is up to date...                           
==> default: A newer version of the box 'ubuntu/xenial64' is available! You currently     
==> default: have version '20170615.0.0'. The latest is version '20180112.0.0'. Run       
==> default: `vagrant box update` to update.                                              
==> default: Setting the name of the VM: vagrant-trusty_default_1516450665840_88759       
==> default: Clearing any previously set network interfaces...                            
==> default: Preparing network interfaces based on configuration...                       
    default: Adapter 1: nat                                                               
==> default: Forwarding ports...                                                          
    default: 22 (guest) => 2222 (host) (adapter 1)                                        
==> default: Running 'pre-boot' VM customizations...                                      
==> default: Booting VM...                                                                
==> default: Waiting for machine to boot. This may take a few minutes...                  
    default: SSH address: 127.0.0.1:2222                                                  
    default: SSH username: ubuntu                                                         
    default: SSH auth method: password                                                    
    default: Warning: Connection reset. Retrying...                                       
    default: Warning: Connection aborted. Retrying...                                     
    default: Warning: Remote connection disconnect. Retrying...                           
    default: Warning: Connection aborted. Retrying...                                     
    default: Warning: Connection reset. Retrying...                                       
    default: Warning: Connection aborted. Retrying...                                     
    default: Warning: Remote connection disconnect. Retrying...                           
    default: Warning: Connection aborted. Retrying...                                     
    default:                                                                              
    default: Inserting generated public key within guest...                               
    default: Removing insecure key from the guest if it's present...                      
    default: Key inserted! Disconnecting and reconnecting using new SSH key...            
==> default: Machine booted and ready!                                                    
==> default: Checking for guest additions in VM...                                        
    default: The guest additions on this VM do not match the installed version of         
    default: VirtualBox! In most cases this is fine, but in rare cases it can             
    default: prevent things such as shared folders from working properly. If you see      
    default: shared folder errors, please make sure the guest additions within the        
    default: virtual machine match the version of VirtualBox you have installed on        
    default: your host and reload your VM.                                                
    default:                                                                              
    default: Guest Additions Version: 5.0.40                                              
    default: VirtualBox Version: 5.2                                                      
==> default: Mounting shared folders...                                                   
    default: /vagrant => C:/Development/vagrant/vagrant-trusty                            